# JRE version: OpenJDK Runtime Environment (8.0_202-b03) (build 1.8.0_202-release-1483-b03)
# Java VM: OpenJDK 64-Bit Server VM (25.202-b03 mixed mode windows-amd64 compressed oops)
Heap:
 PSYoungGen      total 259584K, used 41693K [0x00000000e0000000, 0x00000000f3080000, 0x0000000100000000)
  eden space 235520K, 12% used [0x00000000e0000000,0x00000000e1c46a68,0x00000000ee600000)
  from space 24064K, 52% used [0x00000000ee600000,0x00000000ef270d00,0x00000000efd80000)
  to   space 23040K, 0% used [0x00000000f1a00000,0x00000000f1a00000,0x00000000f3080000)
 ParOldGen       total 115200K, used 52744K [0x00000000a0000000, 0x00000000a7080000, 0x00000000e0000000)
  object space 115200K, 45% used [0x00000000a0000000,0x00000000a33823b8,0x00000000a7080000)
 Metaspace       used 84707K, capacity 88094K, committed 88152K, reserved 1126400K
  class space    used 11198K, capacity 11900K, committed 11904K, reserved 1048576K
GC Heap History (10 events):
Event: 16.942 GC heap before
{Heap before GC invocations=14 (full 3):
 PSYoungGen      total 178688K, used 14828K [0x00000000e0000000, 0x00000000ef800000, 0x0000000100000000)
  eden space 163840K, 0% used [0x00000000e0000000,0x00000000e0000000,0x00000000ea000000)
  from space 14848K, 99% used [0x00000000ea000000,0x00000000eae7b280,0x00000000eae80000)
  to   space 19456K, 0% used [0x00000000ee500000,0x00000000ee500000,0x00000000ef800000)
 ParOldGen       total 73728K, used 29471K [0x00000000a0000000, 0x00000000a4800000, 0x00000000e0000000)
  object space 73728K, 39% used [0x00000000a0000000,0x00000000a1cc7df0,0x00000000a4800000)
 Metaspace       used 57055K, capacity 58802K, committed 58968K, reserved 1099776K
  class space    used 7768K, capacity 8210K, committed 8320K, reserved 1048576K
Event: 17.281 GC heap after
Heap after GC invocations=14 (full 3):
 PSYoungGen      total 178688K, used 0K [0x00000000e0000000, 0x00000000ef800000, 0x0000000100000000)
  eden space 163840K, 0% used [0x00000000e0000000,0x00000000e0000000,0x00000000ea000000)
  from space 14848K, 0% used [0x00000000ea000000,0x00000000ea000000,0x00000000eae80000)
  to   space 19456K, 0% used [0x00000000ee500000,0x00000000ee500000,0x00000000ef800000)
 ParOldGen       total 115200K, used 38075K [0x00000000a0000000, 0x00000000a7080000, 0x00000000e0000000)
  object space 115200K, 33% used [0x00000000a0000000,0x00000000a252edf0,0x00000000a7080000)
 Metaspace       used 56965K, capacity 58540K, committed 58968K, reserved 1099776K
  class space    used 7740K, capacity 8161K, committed 8320K, reserved 1048576K
}
Event: 104.654 GC heap before
{Heap before GC invocations=15 (full 3):
 PSYoungGen      total 178688K, used 163840K [0x00000000e0000000, 0x00000000ef800000, 0x0000000100000000)
  eden space 163840K, 100% used [0x00000000e0000000,0x00000000ea000000,0x00000000ea000000)
  from space 14848K, 0% used [0x00000000ea000000,0x00000000ea000000,0x00000000eae80000)
  to   space 19456K, 0% used [0x00000000ee500000,0x00000000ee500000,0x00000000ef800000)
 ParOldGen       total 115200K, used 38075K [0x00000000a0000000, 0x00000000a7080000, 0x00000000e0000000)
  object space 115200K, 33% used [0x00000000a0000000,0x00000000a252edf0,0x00000000a7080000)
 Metaspace       used 63881K, capacity 65828K, committed 66008K, reserved 1105920K
  class space    used 8416K, capacity 8901K, committed 8960K, reserved 1048576K
Event: 104.690 GC heap after
Heap after GC invocations=15 (full 3):
 PSYoungGen      total 214016K, used 14672K [0x00000000e0000000, 0x00000000ef380000, 0x0000000100000000)
  eden space 199168K, 0% used [0x00000000e0000000,0x00000000e0000000,0x00000000ec280000)
  from space 14848K, 98% used [0x00000000ee500000,0x00000000ef3541b8,0x00000000ef380000)
  to   space 20480K, 0% used [0x00000000ecb80000,0x00000000ecb80000,0x00000000edf80000)
 ParOldGen       total 115200K, used 38083K [0x00000000a0000000, 0x00000000a7080000, 0x00000000e0000000)
  object space 115200K, 33% used [0x00000000a0000000,0x00000000a2530df0,0x00000000a7080000)
 Metaspace       used 63881K, capacity 65828K, committed 66008K, reserved 1105920K
  class space    used 8416K, capacity 8901K, committed 8960K, reserved 1048576K
}
Event: 115.943 GC heap before
{Heap before GC invocations=16 (full 3):
 PSYoungGen      total 214016K, used 213840K [0x00000000e0000000, 0x00000000ef380000, 0x0000000100000000)
  eden space 199168K, 100% used [0x00000000e0000000,0x00000000ec280000,0x00000000ec280000)
  from space 14848K, 98% used [0x00000000ee500000,0x00000000ef3541b8,0x00000000ef380000)
  to   space 20480K, 0% used [0x00000000ecb80000,0x00000000ecb80000,0x00000000edf80000)
 ParOldGen       total 115200K, used 38083K [0x00000000a0000000, 0x00000000a7080000, 0x00000000e0000000)
  object space 115200K, 33% used [0x00000000a0000000,0x00000000a2530df0,0x00000000a7080000)
 Metaspace       used 68282K, capacity 70512K, committed 70616K, reserved 1110016K
  class space    used 8921K, capacity 9455K, committed 9472K, reserved 1048576K
Event: 115.973 GC heap after
Heap after GC invocations=16 (full 3):
 PSYoungGen      total 228864K, used 20459K [0x00000000e0000000, 0x00000000f1480000, 0x0000000100000000)
  eden space 208384K, 0% used [0x00000000e0000000,0x00000000e0000000,0x00000000ecb80000)
  from space 20480K, 99% used [0x00000000ecb80000,0x00000000edf7afe8,0x00000000edf80000)
  to   space 23552K, 0% used [0x00000000efd80000,0x00000000efd80000,0x00000000f1480000)
 ParOldGen       total 115200K, used 38427K [0x00000000a0000000, 0x00000000a7080000, 0x00000000e0000000)
  object space 115200K, 33% used [0x00000000a0000000,0x00000000a2586f98,0x00000000a7080000)
 Metaspace       used 68282K, capacity 70512K, committed 70616K, reserved 1110016K
  class space    used 8921K, capacity 9455K, committed 9472K, reserved 1048576K
}
Event: 133.206 GC heap before
{Heap before GC invocations=17 (full 3):
 PSYoungGen      total 228864K, used 228843K [0x00000000e0000000, 0x00000000f1480000, 0x0000000100000000)
  eden space 208384K, 100% used [0x00000000e0000000,0x00000000ecb80000,0x00000000ecb80000)
  from space 20480K, 99% used [0x00000000ecb80000,0x00000000edf7afe8,0x00000000edf80000)
  to   space 23552K, 0% used [0x00000000efd80000,0x00000000efd80000,0x00000000f1480000)
 ParOldGen       total 115200K, used 38427K [0x00000000a0000000, 0x00000000a7080000, 0x00000000e0000000)
  object space 115200K, 33% used [0x00000000a0000000,0x00000000a2586f98,0x00000000a7080000)
 Metaspace       used 80099K, capacity 82860K, committed 83032K, reserved 1122304K
  class space    used 10475K, capacity 11095K, committed 11136K, reserved 1048576K
Event: 133.248 GC heap after
Heap after GC invocations=17 (full 3):
 PSYoungGen      total 259072K, used 15670K [0x00000000e0000000, 0x00000000f1a80000, 0x0000000100000000)
  eden space 235520K, 0% used [0x00000000e0000000,0x00000000e0000000,0x00000000ee600000)
  from space 23552K, 66% used [0x00000000efd80000,0x00000000f0ccdaa0,0x00000000f1480000)
  to   space 24064K, 0% used [0x00000000ee600000,0x00000000ee600000,0x00000000efd80000)
 ParOldGen       total 115200K, used 52736K [0x00000000a0000000, 0x00000000a7080000, 0x00000000e0000000)
  object space 115200K, 45% used [0x00000000a0000000,0x00000000a33803b8,0x00000000a7080000)
 Metaspace       used 80099K, capacity 82860K, committed 83032K, reserved 1122304K
  class space    used 10475K, capacity 11095K, committed 11136K, reserved 1048576K
}
Event: 246.802 GC heap before
{Heap before GC invocations=18 (full 3):
 PSYoungGen      total 259072K, used 251190K [0x00000000e0000000, 0x00000000f1a80000, 0x0000000100000000)
  eden space 235520K, 100% used [0x00000000e0000000,0x00000000ee600000,0x00000000ee600000)
  from space 23552K, 66% used [0x00000000efd80000,0x00000000f0ccdaa0,0x00000000f1480000)
  to   space 24064K, 0% used [0x00000000ee600000,0x00000000ee600000,0x00000000efd80000)
 ParOldGen       total 115200K, used 52736K [0x00000000a0000000, 0x00000000a7080000, 0x00000000e0000000)
  object space 115200K, 45% used [0x00000000a0000000,0x00000000a33803b8,0x00000000a7080000)
 Metaspace       used 84639K, capacity 87938K, committed 88152K, reserved 1126400K
  class space    used 11196K, capacity 11896K, committed 11904K, reserved 1048576K
Event: 246.821 GC heap after
Heap after GC invocations=18 (full 3):
 PSYoungGen      total 259584K, used 12739K [0x00000000e0000000, 0x00000000f3080000, 0x0000000100000000)
  eden space 235520K, 0% used [0x00000000e0000000,0x00000000e0000000,0x00000000ee600000)
  from space 24064K, 52% used [0x00000000ee600000,0x00000000ef270d00,0x00000000efd80000)
  to   space 23040K, 0% used [0x00000000f1a00000,0x00000000f1a00000,0x00000000f3080000)
 ParOldGen       total 115200K, used 52744K [0x00000000a0000000, 0x00000000a7080000, 0x00000000e0000000)
  object space 115200K, 45% used [0x00000000a0000000,0x00000000a33823b8,0x00000000a7080000)
 Metaspace       used 84639K, capacity 87938K, committed 88152K, reserved 1126400K
  class space    used 11196K, capacity 11896K, committed 11904K, reserved 1048576K
}

