# JRE version: OpenJDK Runtime Environment (8.0_202-b03) (build 1.8.0_202-release-1483-b03)
# Java VM: OpenJDK 64-Bit Server VM (25.202-b03 mixed mode windows-amd64 compressed oops)
Heap:
 PSYoungGen      total 144896K, used 66656K [0x00000000e0000000, 0x00000000ea300000, 0x0000000100000000)
  eden space 128512K, 42% used [0x00000000e0000000,0x00000000e3532fa0,0x00000000e7d80000)
  from space 16384K, 74% used [0x00000000e7d80000,0x00000000e89653f0,0x00000000e8d80000)
  to   space 16896K, 0% used [0x00000000e9280000,0x00000000e9280000,0x00000000ea300000)
 ParOldGen       total 140288K, used 30112K [0x00000000a0000000, 0x00000000a8900000, 0x00000000e0000000)
  object space 140288K, 21% used [0x00000000a0000000,0x00000000a1d68218,0x00000000a8900000)
 Metaspace       used 65127K, capacity 67479K, committed 67800K, reserved 1107968K
  class space    used 8819K, capacity 9375K, committed 9472K, reserved 1048576K
GC Heap History (10 events):
Event: 18.026 GC heap before
{Heap before GC invocations=16 (full 2):
 PSYoungGen      total 96256K, used 94598K [0x00000000e0000000, 0x00000000e7f00000, 0x0000000100000000)
  eden space 84480K, 100% used [0x00000000e0000000,0x00000000e5280000,0x00000000e5280000)
  from space 11776K, 85% used [0x00000000e5280000,0x00000000e5c61b50,0x00000000e5e00000)
  to   space 12288K, 0% used [0x00000000e7300000,0x00000000e7300000,0x00000000e7f00000)
 ParOldGen       total 95232K, used 21266K [0x00000000a0000000, 0x00000000a5d00000, 0x00000000e0000000)
  object space 95232K, 22% used [0x00000000a0000000,0x00000000a14c4aa8,0x00000000a5d00000)
 Metaspace       used 56179K, capacity 57688K, committed 57984K, reserved 1099776K
  class space    used 7633K, capacity 8053K, committed 8064K, reserved 1048576K
Event: 18.042 GC heap after
Heap after GC invocations=16 (full 2):
 PSYoungGen      total 115200K, used 12272K [0x00000000e0000000, 0x00000000e8280000, 0x0000000100000000)
  eden space 102912K, 0% used [0x00000000e0000000,0x00000000e0000000,0x00000000e6480000)
  from space 12288K, 99% used [0x00000000e7300000,0x00000000e7efc290,0x00000000e7f00000)
  to   space 14848K, 0% used [0x00000000e6480000,0x00000000e6480000,0x00000000e7300000)
 ParOldGen       total 95232K, used 23079K [0x00000000a0000000, 0x00000000a5d00000, 0x00000000e0000000)
  object space 95232K, 24% used [0x00000000a0000000,0x00000000a1689cd0,0x00000000a5d00000)
 Metaspace       used 56179K, capacity 57688K, committed 57984K, reserved 1099776K
  class space    used 7633K, capacity 8053K, committed 8064K, reserved 1048576K
}
Event: 18.637 GC heap before
{Heap before GC invocations=17 (full 2):
 PSYoungGen      total 115200K, used 34500K [0x00000000e0000000, 0x00000000e8280000, 0x0000000100000000)
  eden space 102912K, 21% used [0x00000000e0000000,0x00000000e15b4db8,0x00000000e6480000)
  from space 12288K, 99% used [0x00000000e7300000,0x00000000e7efc290,0x00000000e7f00000)
  to   space 14848K, 0% used [0x00000000e6480000,0x00000000e6480000,0x00000000e7300000)
 ParOldGen       total 95232K, used 23079K [0x00000000a0000000, 0x00000000a5d00000, 0x00000000e0000000)
  object space 95232K, 24% used [0x00000000a0000000,0x00000000a1689cd0,0x00000000a5d00000)
 Metaspace       used 57399K, capacity 59091K, committed 59096K, reserved 1099776K
  class space    used 7781K, capacity 8192K, committed 8192K, reserved 1048576K
Event: 18.656 GC heap after
Heap after GC invocations=17 (full 2):
 PSYoungGen      total 117760K, used 2349K [0x00000000e0000000, 0x00000000e9f80000, 0x0000000100000000)
  eden space 102912K, 0% used [0x00000000e0000000,0x00000000e0000000,0x00000000e6480000)
  from space 14848K, 15% used [0x00000000e6480000,0x00000000e66cb430,0x00000000e7300000)
  to   space 14848K, 0% used [0x00000000e9100000,0x00000000e9100000,0x00000000e9f80000)
 ParOldGen       total 95232K, used 31504K [0x00000000a0000000, 0x00000000a5d00000, 0x00000000e0000000)
  object space 95232K, 33% used [0x00000000a0000000,0x00000000a1ec4398,0x00000000a5d00000)
 Metaspace       used 57399K, capacity 59091K, committed 59096K, reserved 1099776K
  class space    used 7781K, capacity 8192K, committed 8192K, reserved 1048576K
}
Event: 18.656 GC heap before
{Heap before GC invocations=18 (full 3):
 PSYoungGen      total 117760K, used 2349K [0x00000000e0000000, 0x00000000e9f80000, 0x0000000100000000)
  eden space 102912K, 0% used [0x00000000e0000000,0x00000000e0000000,0x00000000e6480000)
  from space 14848K, 15% used [0x00000000e6480000,0x00000000e66cb430,0x00000000e7300000)
  to   space 14848K, 0% used [0x00000000e9100000,0x00000000e9100000,0x00000000e9f80000)
 ParOldGen       total 95232K, used 31504K [0x00000000a0000000, 0x00000000a5d00000, 0x00000000e0000000)
  object space 95232K, 33% used [0x00000000a0000000,0x00000000a1ec4398,0x00000000a5d00000)
 Metaspace       used 57399K, capacity 59091K, committed 59096K, reserved 1099776K
  class space    used 7781K, capacity 8192K, committed 8192K, reserved 1048576K
Event: 19.026 GC heap after
Heap after GC invocations=18 (full 3):
 PSYoungGen      total 117760K, used 0K [0x00000000e0000000, 0x00000000e9f80000, 0x0000000100000000)
  eden space 102912K, 0% used [0x00000000e0000000,0x00000000e0000000,0x00000000e6480000)
  from space 14848K, 0% used [0x00000000e6480000,0x00000000e6480000,0x00000000e7300000)
  to   space 14848K, 0% used [0x00000000e9100000,0x00000000e9100000,0x00000000e9f80000)
 ParOldGen       total 140288K, used 30096K [0x00000000a0000000, 0x00000000a8900000, 0x00000000e0000000)
  object space 140288K, 21% used [0x00000000a0000000,0x00000000a1d64218,0x00000000a8900000)
 Metaspace       used 57399K, capacity 59091K, committed 59096K, reserved 1099776K
  class space    used 7781K, capacity 8192K, committed 8192K, reserved 1048576K
}
Event: 36.199 GC heap before
{Heap before GC invocations=19 (full 3):
 PSYoungGen      total 117760K, used 102912K [0x00000000e0000000, 0x00000000e9f80000, 0x0000000100000000)
  eden space 102912K, 100% used [0x00000000e0000000,0x00000000e6480000,0x00000000e6480000)
  from space 14848K, 0% used [0x00000000e6480000,0x00000000e6480000,0x00000000e7300000)
  to   space 14848K, 0% used [0x00000000e9100000,0x00000000e9100000,0x00000000e9f80000)
 ParOldGen       total 140288K, used 30096K [0x00000000a0000000, 0x00000000a8900000, 0x00000000e0000000)
  object space 140288K, 21% used [0x00000000a0000000,0x00000000a1d64218,0x00000000a8900000)
 Metaspace       used 60479K, capacity 62401K, committed 62680K, reserved 1103872K
  class space    used 8205K, capacity 8676K, committed 8704K, reserved 1048576K
Event: 36.229 GC heap after
Heap after GC invocations=19 (full 3):
 PSYoungGen      total 134144K, used 12689K [0x00000000e0000000, 0x00000000e9d80000, 0x0000000100000000)
  eden space 121344K, 0% used [0x00000000e0000000,0x00000000e0000000,0x00000000e7680000)
  from space 12800K, 99% used [0x00000000e9100000,0x00000000e9d644a8,0x00000000e9d80000)
  to   space 16384K, 0% used [0x00000000e7d80000,0x00000000e7d80000,0x00000000e8d80000)
 ParOldGen       total 140288K, used 30104K [0x00000000a0000000, 0x00000000a8900000, 0x00000000e0000000)
  object space 140288K, 21% used [0x00000000a0000000,0x00000000a1d66218,0x00000000a8900000)
 Metaspace       used 60479K, capacity 62401K, committed 62680K, reserved 1103872K
  class space    used 8205K, capacity 8676K, committed 8704K, reserved 1048576K
}
Event: 65.004 GC heap before
{Heap before GC invocations=20 (full 3):
 PSYoungGen      total 134144K, used 134032K [0x00000000e0000000, 0x00000000e9d80000, 0x0000000100000000)
  eden space 121344K, 99% used [0x00000000e0000000,0x00000000e767fd08,0x00000000e7680000)
  from space 12800K, 99% used [0x00000000e9100000,0x00000000e9d644a8,0x00000000e9d80000)
  to   space 16384K, 0% used [0x00000000e7d80000,0x00000000e7d80000,0x00000000e8d80000)
 ParOldGen       total 140288K, used 30104K [0x00000000a0000000, 0x00000000a8900000, 0x00000000e0000000)
  object space 140288K, 21% used [0x00000000a0000000,0x00000000a1d66218,0x00000000a8900000)
 Metaspace       used 62671K, capacity 64729K, committed 64984K, reserved 1105920K
  class space    used 8423K, capacity 8928K, committed 8960K, reserved 1048576K
Event: 65.018 GC heap after
Heap after GC invocations=20 (full 3):
 PSYoungGen      total 144896K, used 12180K [0x00000000e0000000, 0x00000000ea300000, 0x0000000100000000)
  eden space 128512K, 0% used [0x00000000e0000000,0x00000000e0000000,0x00000000e7d80000)
  from space 16384K, 74% used [0x00000000e7d80000,0x00000000e89653f0,0x00000000e8d80000)
  to   space 16896K, 0% used [0x00000000e9280000,0x00000000e9280000,0x00000000ea300000)
 ParOldGen       total 140288K, used 30112K [0x00000000a0000000, 0x00000000a8900000, 0x00000000e0000000)
  object space 140288K, 21% used [0x00000000a0000000,0x00000000a1d68218,0x00000000a8900000)
 Metaspace       used 62671K, capacity 64729K, committed 64984K, reserved 1105920K
  class space    used 8423K, capacity 8928K, committed 8960K, reserved 1048576K
}

