# JRE version: OpenJDK Runtime Environment (8.0_202-b03) (build 1.8.0_202-release-1483-b03)
# Java VM: OpenJDK 64-Bit Server VM (25.202-b03 mixed mode windows-amd64 compressed oops)
Heap:
 PSYoungGen      total 183808K, used 109491K [0x00000000e0000000, 0x00000000ecb80000, 0x0000000100000000)
  eden space 164352K, 55% used [0x00000000e0000000,0x00000000e58b5080,0x00000000ea080000)
  from space 19456K, 95% used [0x00000000eb780000,0x00000000ec9b7eb0,0x00000000eca80000)
  to   space 22016K, 0% used [0x00000000ea080000,0x00000000ea080000,0x00000000eb600000)
 ParOldGen       total 145920K, used 30924K [0x00000000a0000000, 0x00000000a8e80000, 0x00000000e0000000)
  object space 145920K, 21% used [0x00000000a0000000,0x00000000a1e331b8,0x00000000a8e80000)
 Metaspace       used 68402K, capacity 70801K, committed 71000K, reserved 1110016K
  class space    used 9035K, capacity 9540K, committed 9600K, reserved 1048576K
GC Heap History (10 events):
Event: 13.557 GC heap before
{Heap before GC invocations=13 (full 2):
 PSYoungGen      total 132608K, used 132592K [0x00000000e0000000, 0x00000000e9100000, 0x0000000100000000)
  eden space 120320K, 100% used [0x00000000e0000000,0x00000000e7580000,0x00000000e7580000)
  from space 12288K, 99% used [0x00000000e8500000,0x00000000e90fc048,0x00000000e9100000)
  to   space 13824K, 0% used [0x00000000e7600000,0x00000000e7600000,0x00000000e8380000)
 ParOldGen       total 99328K, used 18674K [0x00000000a0000000, 0x00000000a6100000, 0x00000000e0000000)
  object space 99328K, 18% used [0x00000000a0000000,0x00000000a123c8e8,0x00000000a6100000)
 Metaspace       used 55054K, capacity 56546K, committed 56576K, reserved 1097728K
  class space    used 7470K, capacity 7906K, committed 7936K, reserved 1048576K
Event: 13.587 GC heap after
Heap after GC invocations=13 (full 2):
 PSYoungGen      total 134656K, used 13807K [0x00000000e0000000, 0x00000000eb300000, 0x0000000100000000)
  eden space 120832K, 0% used [0x00000000e0000000,0x00000000e0000000,0x00000000e7600000)
  from space 13824K, 99% used [0x00000000e7600000,0x00000000e837bdb8,0x00000000e8380000)
  to   space 17408K, 0% used [0x00000000ea200000,0x00000000ea200000,0x00000000eb300000)
 ParOldGen       total 99328K, used 24180K [0x00000000a0000000, 0x00000000a6100000, 0x00000000e0000000)
  object space 99328K, 24% used [0x00000000a0000000,0x00000000a179d108,0x00000000a6100000)
 Metaspace       used 55054K, capacity 56546K, committed 56576K, reserved 1097728K
  class space    used 7470K, capacity 7906K, committed 7936K, reserved 1048576K
}
Event: 15.062 GC heap before
{Heap before GC invocations=14 (full 2):
 PSYoungGen      total 134656K, used 52574K [0x00000000e0000000, 0x00000000eb300000, 0x0000000100000000)
  eden space 120832K, 32% used [0x00000000e0000000,0x00000000e25dbc90,0x00000000e7600000)
  from space 13824K, 99% used [0x00000000e7600000,0x00000000e837bdb8,0x00000000e8380000)
  to   space 17408K, 0% used [0x00000000ea200000,0x00000000ea200000,0x00000000eb300000)
 ParOldGen       total 99328K, used 24180K [0x00000000a0000000, 0x00000000a6100000, 0x00000000e0000000)
  object space 99328K, 24% used [0x00000000a0000000,0x00000000a179d108,0x00000000a6100000)
 Metaspace       used 57398K, capacity 59015K, committed 59096K, reserved 1099776K
  class space    used 7788K, capacity 8192K, committed 8192K, reserved 1048576K
Event: 15.084 GC heap after
Heap after GC invocations=14 (full 2):
 PSYoungGen      total 164352K, used 15320K [0x00000000e0000000, 0x00000000eb880000, 0x0000000100000000)
  eden space 146944K, 0% used [0x00000000e0000000,0x00000000e0000000,0x00000000e8f80000)
  from space 17408K, 88% used [0x00000000ea200000,0x00000000eb0f6128,0x00000000eb300000)
  to   space 18944K, 0% used [0x00000000e8f80000,0x00000000e8f80000,0x00000000ea200000)
 ParOldGen       total 99328K, used 24188K [0x00000000a0000000, 0x00000000a6100000, 0x00000000e0000000)
  object space 99328K, 24% used [0x00000000a0000000,0x00000000a179f108,0x00000000a6100000)
 Metaspace       used 57398K, capacity 59015K, committed 59096K, reserved 1099776K
  class space    used 7788K, capacity 8192K, committed 8192K, reserved 1048576K
}
Event: 15.084 GC heap before
{Heap before GC invocations=15 (full 3):
 PSYoungGen      total 164352K, used 15320K [0x00000000e0000000, 0x00000000eb880000, 0x0000000100000000)
  eden space 146944K, 0% used [0x00000000e0000000,0x00000000e0000000,0x00000000e8f80000)
  from space 17408K, 88% used [0x00000000ea200000,0x00000000eb0f6128,0x00000000eb300000)
  to   space 18944K, 0% used [0x00000000e8f80000,0x00000000e8f80000,0x00000000ea200000)
 ParOldGen       total 99328K, used 24188K [0x00000000a0000000, 0x00000000a6100000, 0x00000000e0000000)
  object space 99328K, 24% used [0x00000000a0000000,0x00000000a179f108,0x00000000a6100000)
 Metaspace       used 57398K, capacity 59015K, committed 59096K, reserved 1099776K
  class space    used 7788K, capacity 8192K, committed 8192K, reserved 1048576K
Event: 15.414 GC heap after
Heap after GC invocations=15 (full 3):
 PSYoungGen      total 164352K, used 0K [0x00000000e0000000, 0x00000000eb880000, 0x0000000100000000)
  eden space 146944K, 0% used [0x00000000e0000000,0x00000000e0000000,0x00000000e8f80000)
  from space 17408K, 0% used [0x00000000ea200000,0x00000000ea200000,0x00000000eb300000)
  to   space 18944K, 0% used [0x00000000e8f80000,0x00000000e8f80000,0x00000000ea200000)
 ParOldGen       total 145920K, used 30908K [0x00000000a0000000, 0x00000000a8e80000, 0x00000000e0000000)
  object space 145920K, 21% used [0x00000000a0000000,0x00000000a1e2f1b8,0x00000000a8e80000)
 Metaspace       used 57398K, capacity 59015K, committed 59096K, reserved 1099776K
  class space    used 7788K, capacity 8192K, committed 8192K, reserved 1048576K
}
Event: 46.936 GC heap before
{Heap before GC invocations=16 (full 3):
 PSYoungGen      total 164352K, used 146944K [0x00000000e0000000, 0x00000000eb880000, 0x0000000100000000)
  eden space 146944K, 100% used [0x00000000e0000000,0x00000000e8f80000,0x00000000e8f80000)
  from space 17408K, 0% used [0x00000000ea200000,0x00000000ea200000,0x00000000eb300000)
  to   space 18944K, 0% used [0x00000000e8f80000,0x00000000e8f80000,0x00000000ea200000)
 ParOldGen       total 145920K, used 30908K [0x00000000a0000000, 0x00000000a8e80000, 0x00000000e0000000)
  object space 145920K, 21% used [0x00000000a0000000,0x00000000a1e2f1b8,0x00000000a8e80000)
 Metaspace       used 62150K, capacity 64291K, committed 64472K, reserved 1105920K
  class space    used 8390K, capacity 8911K, committed 8960K, reserved 1048576K
Event: 46.956 GC heap after
Heap after GC invocations=16 (full 3):
 PSYoungGen      total 165888K, used 13994K [0x00000000e0000000, 0x00000000eca80000, 0x0000000100000000)
  eden space 146944K, 0% used [0x00000000e0000000,0x00000000e0000000,0x00000000e8f80000)
  from space 18944K, 73% used [0x00000000e8f80000,0x00000000e9d2a800,0x00000000ea200000)
  to   space 19456K, 0% used [0x00000000eb780000,0x00000000eb780000,0x00000000eca80000)
 ParOldGen       total 145920K, used 30916K [0x00000000a0000000, 0x00000000a8e80000, 0x00000000e0000000)
  object space 145920K, 21% used [0x00000000a0000000,0x00000000a1e311b8,0x00000000a8e80000)
 Metaspace       used 62150K, capacity 64291K, committed 64472K, reserved 1105920K
  class space    used 8390K, capacity 8911K, committed 8960K, reserved 1048576K
}
Event: 165.282 GC heap before
{Heap before GC invocations=17 (full 3):
 PSYoungGen      total 165888K, used 160938K [0x00000000e0000000, 0x00000000eca80000, 0x0000000100000000)
  eden space 146944K, 100% used [0x00000000e0000000,0x00000000e8f80000,0x00000000e8f80000)
  from space 18944K, 73% used [0x00000000e8f80000,0x00000000e9d2a800,0x00000000ea200000)
  to   space 19456K, 0% used [0x00000000eb780000,0x00000000eb780000,0x00000000eca80000)
 ParOldGen       total 145920K, used 30916K [0x00000000a0000000, 0x00000000a8e80000, 0x00000000e0000000)
  object space 145920K, 21% used [0x00000000a0000000,0x00000000a1e311b8,0x00000000a8e80000)
 Metaspace       used 68004K, capacity 70337K, committed 70488K, reserved 1110016K
  class space    used 9025K, capacity 9528K, committed 9600K, reserved 1048576K
Event: 165.309 GC heap after
Heap after GC invocations=17 (full 3):
 PSYoungGen      total 183808K, used 18655K [0x00000000e0000000, 0x00000000ecb80000, 0x0000000100000000)
  eden space 164352K, 0% used [0x00000000e0000000,0x00000000e0000000,0x00000000ea080000)
  from space 19456K, 95% used [0x00000000eb780000,0x00000000ec9b7eb0,0x00000000eca80000)
  to   space 22016K, 0% used [0x00000000ea080000,0x00000000ea080000,0x00000000eb600000)
 ParOldGen       total 145920K, used 30924K [0x00000000a0000000, 0x00000000a8e80000, 0x00000000e0000000)
  object space 145920K, 21% used [0x00000000a0000000,0x00000000a1e331b8,0x00000000a8e80000)
 Metaspace       used 68004K, capacity 70337K, committed 70488K, reserved 1110016K
  class space    used 9025K, capacity 9528K, committed 9600K, reserved 1048576K
}

